<?xml version="1.0" encoding="UTF-8"?>
<robot generator="Robot 4.0 (Python 3.9.2 on win32)" generated="20210312 14:38:52.274" rpa="false" schemaversion="2">
<suite id="s1" name="TestCase" source="C:\Users\alee\PycharmProjects\amazonTADemo\TestCase">
<suite id="s1-s1" name="Amazon" source="C:\Users\alee\PycharmProjects\amazonTADemo\TestCase\amazon.robot">
<kw name="Test Setup" library="setup" type="SETUP">
<kw name="Log To Console" library="BuiltIn">
<arg>Running Setup....</arg>
<doc>Logs the given message to the console.</doc>
<status status="PASS" starttime="20210312 14:38:52.649" endtime="20210312 14:38:52.649"/>
</kw>
<kw name="Evaluate" library="BuiltIn">
<var>${system}</var>
<arg>platform.system()</arg>
<arg>platform</arg>
<doc>Evaluates the given expression in Python and returns the result.</doc>
<msg timestamp="20210312 14:38:52.649" level="INFO">${system} = Windows</msg>
<status status="PASS" starttime="20210312 14:38:52.649" endtime="20210312 14:38:52.649"/>
</kw>
<kw name="Run Keyword If" library="BuiltIn">
<arg>'${system}' == 'Windows'</arg>
<arg>Check Prerequisite For Windows</arg>
<doc>Runs the given keyword with the given arguments, if ``condition`` is true.</doc>
<kw name="Check Prerequisite For Windows" library="setup">
<kw name="Check Python For Windows" library="setup">
<kw name="Run" library="OperatingSystem">
<var>${python}</var>
<arg>python --version</arg>
<doc>Runs the given command in the system and returns the output.</doc>
<msg timestamp="20210312 14:38:52.649" level="INFO">Running command 'python --version 2&gt;&amp;1'.</msg>
<msg timestamp="20210312 14:38:52.696" level="INFO">${python} = Python 3.9.2</msg>
<status status="PASS" starttime="20210312 14:38:52.649" endtime="20210312 14:38:52.696"/>
</kw>
<kw name="Should Not Contain" library="BuiltIn">
<arg>${python}</arg>
<arg>Python was not found</arg>
<arg>msg=Test Cant Continue In Windows: Must install python first</arg>
<doc>Fails if ``container`` contains ``item`` one or more times.</doc>
<status status="PASS" starttime="20210312 14:38:52.696" endtime="20210312 14:38:52.696"/>
</kw>
<status status="PASS" starttime="20210312 14:38:52.649" endtime="20210312 14:38:52.696"/>
</kw>
<kw name="Check VirtualEnv For Windows" library="setup">
<kw name="Create Directory" library="OperatingSystem">
<arg>${windows_venv_dir}</arg>
<doc>Creates the specified directory.</doc>
<msg timestamp="20210312 14:38:52.696" level="INFO" html="true">Directory '&lt;a href="file://C:\TA_env"&gt;C:\TA_env&lt;/a&gt;' already exists.</msg>
<status status="PASS" starttime="20210312 14:38:52.696" endtime="20210312 14:38:52.696"/>
</kw>
<kw name="Run" library="OperatingSystem">
<arg>python -m venv ${windows_venv_dir}</arg>
<doc>Runs the given command in the system and returns the output.</doc>
<msg timestamp="20210312 14:38:52.696" level="INFO">Running command 'python -m venv C:/TA_env 2&gt;&amp;1'.</msg>
<status status="PASS" starttime="20210312 14:38:52.696" endtime="20210312 14:38:52.806"/>
</kw>
<kw name="Run" library="OperatingSystem">
<arg>${windows_venv_dir}/Scripts/activate.bat</arg>
<doc>Runs the given command in the system and returns the output.</doc>
<msg timestamp="20210312 14:38:52.806" level="INFO">Running command 'C:/TA_env/Scripts/activate.bat 2&gt;&amp;1'.</msg>
<status status="PASS" starttime="20210312 14:38:52.806" endtime="20210312 14:38:52.867"/>
</kw>
<status status="PASS" starttime="20210312 14:38:52.696" endtime="20210312 14:38:52.867"/>
</kw>
<kw name="Check RobotFramework Libraries For Windows" library="setup">
<kw name="Run" library="OperatingSystem">
<arg>python -m pip install robotframework</arg>
<doc>Runs the given command in the system and returns the output.</doc>
<msg timestamp="20210312 14:38:52.867" level="INFO">Running command 'python -m pip install robotframework 2&gt;&amp;1'.</msg>
<status status="PASS" starttime="20210312 14:38:52.867" endtime="20210312 14:38:53.758"/>
</kw>
<kw name="Run" library="OperatingSystem">
<arg>python -m pip install robotframework-seleniumlibrary</arg>
<doc>Runs the given command in the system and returns the output.</doc>
<msg timestamp="20210312 14:38:53.758" level="INFO">Running command 'python -m pip install robotframework-seleniumlibrary 2&gt;&amp;1'.</msg>
<status status="PASS" starttime="20210312 14:38:53.758" endtime="20210312 14:38:54.415"/>
</kw>
<kw name="Run" library="OperatingSystem">
<arg>python -m pip install robotframework-OperatingSystem</arg>
<doc>Runs the given command in the system and returns the output.</doc>
<msg timestamp="20210312 14:38:54.415" level="INFO">Running command 'python -m pip install robotframework-OperatingSystem 2&gt;&amp;1'.</msg>
<status status="PASS" starttime="20210312 14:38:54.415" endtime="20210312 14:38:55.430"/>
</kw>
<kw name="Run" library="OperatingSystem">
<arg>python -m pip install robotframework-pabot</arg>
<doc>Runs the given command in the system and returns the output.</doc>
<msg timestamp="20210312 14:38:55.430" level="INFO">Running command 'python -m pip install robotframework-pabot 2&gt;&amp;1'.</msg>
<status status="PASS" starttime="20210312 14:38:55.430" endtime="20210312 14:38:56.164"/>
</kw>
<kw name="Run" library="OperatingSystem">
<arg>python -m pip install robotframework-sshlibrary</arg>
<doc>Runs the given command in the system and returns the output.</doc>
<msg timestamp="20210312 14:38:56.164" level="INFO">Running command 'python -m pip install robotframework-sshlibrary 2&gt;&amp;1'.</msg>
<status status="PASS" starttime="20210312 14:38:56.164" endtime="20210312 14:38:57.072"/>
</kw>
<kw name="Run" library="OperatingSystem">
<arg>python -m pip install robotframework-pdf2textlibrary</arg>
<doc>Runs the given command in the system and returns the output.</doc>
<msg timestamp="20210312 14:38:57.089" level="INFO">Running command 'python -m pip install robotframework-pdf2textlibrary 2&gt;&amp;1'.</msg>
<status status="PASS" starttime="20210312 14:38:57.072" endtime="20210312 14:38:58.102"/>
</kw>
<status status="PASS" starttime="20210312 14:38:52.867" endtime="20210312 14:38:58.102"/>
</kw>
<status status="PASS" starttime="20210312 14:38:52.649" endtime="20210312 14:38:58.102"/>
</kw>
<status status="PASS" starttime="20210312 14:38:52.649" endtime="20210312 14:38:58.102"/>
</kw>
<kw name="Log To Console" library="BuiltIn">
<arg>Running Test Case(s)....</arg>
<doc>Logs the given message to the console.</doc>
<status status="PASS" starttime="20210312 14:38:58.102" endtime="20210312 14:38:58.102"/>
</kw>
<status status="PASS" starttime="20210312 14:38:52.649" endtime="20210312 14:38:58.102"/>
</kw>
<test id="s1-s1-t1" name="Test Case 1: Search Ipad 2020 In Amazon">
<kw name="Open Amazon Page" library="amazon" type="SETUP">
<arg>browser=${Browser}</arg>
<kw name="Open Browser" library="SeleniumLibrary">
<arg>url=${AmazonUrl}</arg>
<arg>browser=${browser}</arg>
<doc>Opens a new browser instance to the optional ``url``.</doc>
<msg timestamp="20210312 14:38:58.102" level="INFO">Opening browser 'Chrome' to base url 'https://www.amazon.com/'.</msg>
<status status="PASS" starttime="20210312 14:38:58.102" endtime="20210312 14:39:03.841"/>
</kw>
<kw name="Maximize Browser Window" library="SeleniumLibrary">
<doc>Maximizes current browser window.</doc>
<status status="PASS" starttime="20210312 14:39:03.841" endtime="20210312 14:39:04.324"/>
</kw>
<status status="PASS" starttime="20210312 14:38:58.102" endtime="20210312 14:39:04.324"/>
</kw>
<kw name="Verify Amazon Page Loaded" library="amazon">
<kw name="Wait Until Element Is Visible" library="SeleniumLibrary">
<arg>${LocatorSearchBox}</arg>
<doc>Waits until the element ``locator`` is visible.</doc>
<status status="PASS" starttime="20210312 14:39:04.331" endtime="20210312 14:39:04.457"/>
</kw>
<kw name="Wait Until Element Is Visible" library="SeleniumLibrary">
<arg>${LocatorConditionOfUse}</arg>
<doc>Waits until the element ``locator`` is visible.</doc>
<status status="PASS" starttime="20210312 14:39:04.457" endtime="20210312 14:39:04.532"/>
</kw>
<status status="PASS" starttime="20210312 14:39:04.330" endtime="20210312 14:39:04.533"/>
</kw>
<kw name="Search Product" library="amazon">
<arg>productToSearch=Ipad 2020</arg>
<kw name="Input Text" library="SeleniumLibrary">
<arg>${LocatorSearchBox}</arg>
<arg>${productToSearch}</arg>
<doc>Types the given ``text`` into the text field identified by ``locator``.</doc>
<msg timestamp="20210312 14:39:04.535" level="INFO">Typing text 'Ipad 2020' into text field 'xpath=//input[@id="twotabsearchtextbox"]'.</msg>
<status status="PASS" starttime="20210312 14:39:04.535" endtime="20210312 14:39:04.748"/>
</kw>
<kw name="Click Button" library="SeleniumLibrary">
<arg>${LocatorSearchButton}</arg>
<doc>Clicks the button identified by ``locator``.</doc>
<msg timestamp="20210312 14:39:04.749" level="INFO">Clicking button 'xpath=//input[@id="nav-search-submit-button"]'.</msg>
<status status="PASS" starttime="20210312 14:39:04.748" endtime="20210312 14:39:10.551"/>
</kw>
<status status="PASS" starttime="20210312 14:39:04.533" endtime="20210312 14:39:10.553"/>
</kw>
<kw name="Verify Product Shown Is Unavailable" library="amazon">
<arg>productName=${UnavailableIpadProName}</arg>
<kw name="Wait Until Element Is Visible" library="SeleniumLibrary">
<arg>xpath=//span[text()="${productName}"]</arg>
<doc>Waits until the element ``locator`` is visible.</doc>
<status status="PASS" starttime="20210312 14:39:10.573" endtime="20210312 14:39:10.715"/>
</kw>
<kw name="Click Element" library="SeleniumLibrary">
<arg>xpath=//span[text()="${productName}"]</arg>
<doc>Click the element identified by ``locator``.</doc>
<msg timestamp="20210312 14:39:10.716" level="INFO">Clicking element 'xpath=//span[text()="2020 Apple iPad Pro (12.9-inch, Wi-Fi, 256GB) - Space Gray (4th Generation)"]'.</msg>
<status status="PASS" starttime="20210312 14:39:10.715" endtime="20210312 14:39:15.871"/>
</kw>
<kw name="Wait Until Element Is Visible" library="SeleniumLibrary">
<arg>${LocatorCurrentlyUnavailable}</arg>
<doc>Waits until the element ``locator`` is visible.</doc>
<status status="PASS" starttime="20210312 14:39:15.871" endtime="20210312 14:39:16.051"/>
</kw>
<status status="PASS" starttime="20210312 14:39:10.571" endtime="20210312 14:39:16.051"/>
</kw>
<kw name="Close Browser" library="SeleniumLibrary" type="TEARDOWN">
<doc>Closes the current browser.</doc>
<status status="PASS" starttime="20210312 14:39:16.057" endtime="20210312 14:39:18.855"/>
</kw>
<status status="PASS" starttime="20210312 14:38:58.102" endtime="20210312 14:39:18.855"/>
</test>
<test id="s1-s1-t2" name="Test Case 2: Invalid Log In Amazon">
<kw name="Open Amazon Page" library="amazon" type="SETUP">
<arg>browser=${Browser}</arg>
<kw name="Open Browser" library="SeleniumLibrary">
<arg>url=${AmazonUrl}</arg>
<arg>browser=${browser}</arg>
<doc>Opens a new browser instance to the optional ``url``.</doc>
<msg timestamp="20210312 14:39:18.863" level="INFO">Opening browser 'Chrome' to base url 'https://www.amazon.com/'.</msg>
<status status="PASS" starttime="20210312 14:39:18.863" endtime="20210312 14:39:25.811"/>
</kw>
<kw name="Maximize Browser Window" library="SeleniumLibrary">
<doc>Maximizes current browser window.</doc>
<status status="PASS" starttime="20210312 14:39:25.811" endtime="20210312 14:39:26.222"/>
</kw>
<status status="PASS" starttime="20210312 14:39:18.863" endtime="20210312 14:39:26.222"/>
</kw>
<kw name="Verify Amazon Page Loaded" library="amazon">
<kw name="Wait Until Element Is Visible" library="SeleniumLibrary">
<arg>${LocatorSearchBox}</arg>
<doc>Waits until the element ``locator`` is visible.</doc>
<status status="PASS" starttime="20210312 14:39:26.229" endtime="20210312 14:39:26.310"/>
</kw>
<kw name="Wait Until Element Is Visible" library="SeleniumLibrary">
<arg>${LocatorConditionOfUse}</arg>
<doc>Waits until the element ``locator`` is visible.</doc>
<status status="PASS" starttime="20210312 14:39:26.310" endtime="20210312 14:39:26.364"/>
</kw>
<status status="PASS" starttime="20210312 14:39:26.228" endtime="20210312 14:39:26.365"/>
</kw>
<kw name="Go To Login Page" library="amazon">
<kw name="Click Element" library="SeleniumLibrary">
<arg>${LocatorHomeSignInButtone}</arg>
<doc>Click the element identified by ``locator``.</doc>
<msg timestamp="20210312 14:39:26.365" level="INFO">Clicking element 'xpath=//a[@id="nav-link-accountList"]'.</msg>
<status status="PASS" starttime="20210312 14:39:26.365" endtime="20210312 14:39:30.041"/>
</kw>
<kw name="Wait Until Element Is Visible" library="SeleniumLibrary">
<arg>${LocatorSignInEmail}</arg>
<doc>Waits until the element ``locator`` is visible.</doc>
<status status="PASS" starttime="20210312 14:39:30.041" endtime="20210312 14:39:30.075"/>
</kw>
<status status="PASS" starttime="20210312 14:39:26.365" endtime="20210312 14:39:30.075"/>
</kw>
<kw name="Verify Invalid Email User" library="amazon">
<arg>userEmail=${InvalidUserNameEmail}</arg>
<kw name="Enter User Name Email" library="amazon">
<arg>userEmail=${userEmail}</arg>
<kw name="Input Text" library="SeleniumLibrary">
<arg>${LocatorSignInEmail}</arg>
<arg>${userEmail}</arg>
<doc>Types the given ``text`` into the text field identified by ``locator``.</doc>
<msg timestamp="20210312 14:39:30.078" level="INFO">Typing text '12_21invalid@gmail.com' into text field 'xpath=//input[@id="ap_email"]'.</msg>
<status status="PASS" starttime="20210312 14:39:30.078" endtime="20210312 14:39:30.330"/>
</kw>
<status status="PASS" starttime="20210312 14:39:30.077" endtime="20210312 14:39:30.330"/>
</kw>
<kw name="Click Button" library="SeleniumLibrary">
<arg>${LocatorLogInButton}</arg>
<doc>Clicks the button identified by ``locator``.</doc>
<msg timestamp="20210312 14:39:30.330" level="INFO">Clicking button 'xpath=//input[@id="continue"]'.</msg>
<status status="PASS" starttime="20210312 14:39:30.330" endtime="20210312 14:39:31.958"/>
</kw>
<kw name="Invalid Login Error Shown" library="amazon">
<kw name="Wait Until Element Is Visible" library="SeleniumLibrary">
<arg>${LocatorInvalidEmailUserName}</arg>
<doc>Waits until the element ``locator`` is visible.</doc>
<status status="PASS" starttime="20210312 14:39:31.958" endtime="20210312 14:39:32.002"/>
</kw>
<status status="PASS" starttime="20210312 14:39:31.958" endtime="20210312 14:39:32.002"/>
</kw>
<status status="PASS" starttime="20210312 14:39:30.076" endtime="20210312 14:39:32.002"/>
</kw>
<kw name="Close Browser" library="SeleniumLibrary" type="TEARDOWN">
<doc>Closes the current browser.</doc>
<status status="PASS" starttime="20210312 14:39:32.003" endtime="20210312 14:39:34.606"/>
</kw>
<status status="PASS" starttime="20210312 14:39:18.863" endtime="20210312 14:39:34.607"/>
</test>
<status status="PASS" starttime="20210312 14:38:52.318" endtime="20210312 14:39:34.607"/>
</suite>
<status status="PASS" starttime="20210312 14:38:52.274" endtime="20210312 14:39:34.623"/>
</suite>
<statistics>
<total>
<stat pass="2" fail="0" skip="0">All Tests</stat>
</total>
<tag>
</tag>
<suite>
<stat pass="2" fail="0" skip="0" id="s1" name="TestCase">TestCase</stat>
<stat pass="2" fail="0" skip="0" id="s1-s1" name="Amazon">TestCase.Amazon</stat>
</suite>
</statistics>
<errors>
</errors>
</robot>
